2025-01-28 11:38:25,226, Audio stream started
2025-01-28 11:38:25,226, name_list: [('F4', True)]
2025-01-28 11:38:27,475, Evaluated deviation: [np.float64(0.13)]
2025-01-28 11:38:28,461, Evaluated deviation: [np.float64(-0.6)]
2025-01-28 11:38:29,940, Evaluated deviation: [np.float64(0.93)]
2025-01-28 11:38:31,420, Evaluated deviation: [np.float64(0.87)]
2025-01-28 11:38:32,928, Evaluated deviation: [np.float64(0.93)]
2025-01-28 11:38:34,444, Evaluated deviation: [np.float64(0.8)]
2025-01-28 11:38:35,894, Evaluated deviation: [np.float64(-0.93)]
2025-01-28 11:38:37,373, Evaluated deviation: [np.float64(0.73)]
2025-01-28 11:38:38,865, Evaluated deviation: [np.float64(-0.27)]
2025-01-28 11:38:40,352, Evaluated deviation: [np.float64(0.67)]
2025-01-28 11:38:41,834, Evaluated deviation: [np.float64(0.2)]
2025-01-28 11:38:43,309, Evaluated deviation: [np.float64(-0.93)]
2025-01-28 11:38:44,795, Evaluated deviation: [np.float64(-0.07)]
2025-01-28 11:38:46,294, Evaluated deviation: [np.float64(-0.07)]
2025-01-28 11:38:47,771, Evaluated deviation: [np.float64(0.87)]
2025-01-28 11:38:49,252, Evaluated deviation: [np.float64(-0.13)]
2025-01-28 11:38:50,755, Evaluated deviation: [np.float64(0.67)]
2025-01-28 11:38:52,220, Evaluated deviation: [np.float64(0.93)]
2025-01-28 11:38:53,722, Evaluated deviation: [np.float64(0.4)]
2025-01-28 11:38:55,218, Evaluated deviation: [np.float64(-0.87)]
2025-01-28 11:38:56,680, Evaluated deviation: [np.float64(-0.27)]
2025-01-28 11:38:58,178, Evaluated deviation: [np.float64(0.93)]
2025-01-28 11:38:59,656, Evaluated deviation: [np.float64(-0.87)]
2025-01-28 11:39:01,143, Evaluated deviation: [np.float64(-1.0)]
2025-01-28 11:39:02,643, Evaluated deviation: [np.float64(0.67)]
2025-01-28 11:39:04,125, Evaluated deviation: [np.float64(-0.2)]
2025-01-28 11:39:05,611, Evaluated deviation: [np.float64(0.67)]
2025-01-28 11:39:07,098, Evaluated deviation: [np.float64(0.87)]
2025-01-28 12:52:48,604, Audio stream started
2025-01-28 12:52:48,604, name_list: [('F5', True), ('C5', False), ('A4', False)]
2025-01-28 12:52:50,576, Evaluated deviation: [np.float64(0.17), np.float64(0.68), np.float64(-0.72)]
2025-01-28 12:52:51,768, Evaluated deviation: [np.float64(-0.1), np.float64(0.05), np.float64(0.56)]
2025-01-28 12:52:53,250, Evaluated deviation: [np.float64(-0.77), np.float64(-0.68), np.float64(0.72)]
2025-01-28 12:52:54,736, Evaluated deviation: [np.float64(-0.8), np.float64(-0.5), np.float64(-0.39)]
2025-01-28 12:52:56,235, Evaluated deviation: [np.float64(0.23), np.float64(-0.59), np.float64(0.94)]
2025-01-28 12:52:57,711, Evaluated deviation: [np.float64(-0.4), np.float64(0.32), np.float64(-0.28)]
2025-01-28 12:52:59,200, Evaluated deviation: [np.float64(-0.77), np.float64(-0.95), np.float64(-0.56)]
2025-01-28 12:53:00,677, Evaluated deviation: [np.float64(0.13), np.float64(0.23), np.float64(0.5)]
2025-01-28 12:53:02,173, Evaluated deviation: [np.float64(-0.13), np.float64(0.27), np.float64(0.5)]
2025-01-28 12:53:03,658, Evaluated deviation: [np.float64(-0.7), np.float64(-1.0), np.float64(-0.28)]
2025-01-28 12:53:05,139, Evaluated deviation: [np.float64(0.13), np.float64(-0.27), np.float64(0.22)]
2025-01-28 12:53:06,640, Evaluated deviation: [np.float64(-0.07), np.float64(0.23), np.float64(0.78)]
2025-01-28 12:53:08,110, Evaluated deviation: [np.float64(-0.97), np.float64(0.09), np.float64(-0.67)]
2025-01-28 12:53:09,598, Evaluated deviation: [np.float64(-0.8), np.float64(0.05), np.float64(-0.44)]
2025-01-28 12:53:11,086, Evaluated deviation: [np.float64(-0.8), np.float64(-0.32), np.float64(0.11)]
2025-01-28 12:53:12,567, Evaluated deviation: [np.float64(0.3), np.float64(0.23), np.float64(-1.0)]
2025-01-28 12:53:14,061, Evaluated deviation: [np.float64(-0.93), np.float64(-0.68), np.float64(0.28)]
2025-01-28 12:53:15,536, Evaluated deviation: [np.float64(0.33), 0, np.float64(-0.67)]
2025-01-28 12:53:17,027, Evaluated deviation: [np.float64(0.2), np.float64(0.5), np.float64(1.0)]
2025-01-28 12:53:18,517, Evaluated deviation: [np.float64(0.63), np.float64(0.45), np.float64(0.56)]
2025-01-28 12:53:19,998, Evaluated deviation: [np.float64(0.93), np.float64(0.5), np.float64(-0.44)]
2025-01-28 12:53:21,489, Evaluated deviation: [np.float64(-0.8), np.float64(-0.59), np.float64(-0.83)]
2025-01-28 12:53:22,967, Evaluated deviation: [np.float64(0.3), np.float64(-0.77), np.float64(0.28)]
2025-01-28 12:53:24,457, Evaluated deviation: [np.float64(-0.03), np.float64(0.23), np.float64(0.89)]
2025-01-28 12:53:25,956, Evaluated deviation: [np.float64(-0.03), np.float64(0.59), np.float64(0.39)]
2025-01-28 12:53:27,425, Evaluated deviation: [np.float64(-0.77), np.float64(-0.14), np.float64(0.61)]
2025-01-28 12:53:28,920, Evaluated deviation: [np.float64(0.03), np.float64(-0.32), np.float64(0.28)]
2025-01-28 12:53:30,405, Evaluated deviation: [np.float64(0.07), np.float64(0.14), np.float64(-0.33)]
2025-01-28 12:53:31,887, Evaluated deviation: [np.float64(0.13), np.float64(-0.82), np.float64(0.78)]
2025-01-28 12:53:33,378, Evaluated deviation: [np.float64(-0.1), np.float64(-0.41), np.float64(0.44)]
2025-01-28 12:53:34,859, Evaluated deviation: [np.float64(0.4), np.float64(-0.23), np.float64(-0.22)]
2025-01-28 12:53:36,347, Evaluated deviation: [np.float64(0.3), np.float64(-0.91), np.float64(1.0)]
2025-01-28 12:53:37,844, Evaluated deviation: [np.float64(-0.6), np.float64(0.36), np.float64(0.22)]
2025-01-28 12:53:39,319, Evaluated deviation: [np.float64(-0.1), np.float64(0.77), np.float64(-0.78)]
2025-01-28 12:53:40,808, Evaluated deviation: [np.float64(0.17), np.float64(0.77), np.float64(0.61)]
2025-01-28 12:53:42,287, Evaluated deviation: [np.float64(-0.83), np.float64(0.59), np.float64(-1.0)]
2025-01-28 12:53:43,779, Evaluated deviation: [0, np.float64(-0.41), np.float64(0.5)]
2025-01-28 12:53:45,267, Evaluated deviation: [np.float64(0.03), np.float64(-0.27), np.float64(0.06)]
2025-01-28 12:53:46,749, Evaluated deviation: [np.float64(0.13), np.float64(-0.27), np.float64(0.28)]
2025-01-28 12:53:48,235, Evaluated deviation: [np.float64(0.2), np.float64(0.09), np.float64(-0.11)]
2025-01-28 12:53:49,715, Evaluated deviation: [np.float64(0.03), np.float64(0.41), np.float64(0.06)]
2025-01-28 12:53:51,206, Evaluated deviation: [np.float64(0.93), np.float64(0.64), np.float64(0.61)]
2025-01-28 12:53:52,697, Evaluated deviation: [np.float64(0.4), np.float64(0.64), np.float64(0.33)]
2025-01-28 12:53:54,177, Evaluated deviation: [np.float64(0.73), np.float64(0.77), np.float64(-0.83)]
2025-01-28 13:36:21,438, Audio stream started
2025-01-28 13:36:21,438, name_list: [('A#(B♭)4', True), ('D5', False), ('F4', False)]
2025-01-28 13:36:23,677, Evaluated deviation: [np.float64(0.8), np.float64(-0.8), np.float64(-0.67)]
2025-01-28 13:36:24,640, Evaluated deviation: [np.float64(-0.55), np.float64(0.44), np.float64(0.27)]
2025-01-28 13:36:26,122, Evaluated deviation: [np.float64(-0.5), None, None]
2025-01-28 13:36:27,603, Evaluated deviation: [np.float64(-0.45), None, None]
2025-01-28 13:36:29,103, Evaluated deviation: [None, np.float64(0.36), np.float64(-0.27)]
2025-01-28 13:36:30,578, Evaluated deviation: [np.float64(-0.15), np.float64(0.08), None]
2025-01-28 13:36:32,073, Evaluated deviation: [np.float64(-0.35), np.float64(-0.2), np.float64(-0.07)]
2025-01-28 13:36:33,552, Evaluated deviation: [np.float64(-0.45), np.float64(0.44), np.float64(0.93)]
2025-01-28 13:36:35,040, Evaluated deviation: [np.float64(-0.05), None, np.float64(0.93)]
2025-01-28 13:36:36,529, Evaluated deviation: [np.float64(-0.25), np.float64(0.8), np.float64(-0.07)]
2025-01-28 13:36:38,007, Evaluated deviation: [np.float64(-0.05), 0, np.float64(-0.07)]
2025-01-28 13:36:39,489, Evaluated deviation: [np.float64(-0.5), np.float64(-0.16), None]
2025-01-28 13:36:40,979, Evaluated deviation: [np.float64(-0.1), np.float64(-0.44), None]
2025-01-28 13:36:42,466, Evaluated deviation: [np.float64(0.05), np.float64(-0.2), np.float64(-0.33)]
2025-01-28 13:36:43,949, Evaluated deviation: [np.float64(0.05), np.float64(0.92), np.float64(-0.07)]
2025-01-28 13:36:45,441, Evaluated deviation: [np.float64(-0.05), np.float64(0.2), np.float64(-0.13)]
2025-01-28 13:36:46,931, Evaluated deviation: [np.float64(-0.9), np.float64(0.68), np.float64(-0.33)]
2025-01-28 13:36:48,408, Evaluated deviation: [np.float64(-0.2), np.float64(-0.2), np.float64(-0.07)]
2025-01-28 13:36:49,899, Evaluated deviation: [np.float64(-0.9), np.float64(0.16), 0]
2025-01-28 13:36:51,380, Evaluated deviation: [np.float64(-0.05), None, np.float64(-0.13)]
2025-01-28 13:36:52,874, Evaluated deviation: [np.float64(-0.05), np.float64(0.8), None]
2025-01-28 13:36:54,359, Evaluated deviation: [None, None, None]
2025-01-28 13:36:55,842, Evaluated deviation: [np.float64(-0.1), np.float64(-0.72), 0]
2025-01-28 13:36:57,327, Evaluated deviation: [np.float64(0.65), np.float64(-1.0), np.float64(0.47)]
2025-01-28 13:36:58,821, Evaluated deviation: [np.float64(-0.05), np.float64(0.36), np.float64(0.6)]
2025-01-28 13:37:00,295, Evaluated deviation: [np.float64(0.95), np.float64(0.24), np.float64(-0.4)]
2025-01-28 13:37:01,792, Evaluated deviation: [np.float64(-0.15), np.float64(0.88), np.float64(-0.6)]
2025-01-28 13:37:03,278, Evaluated deviation: [np.float64(-0.3), np.float64(0.4), np.float64(0.2)]
2025-01-28 13:37:04,744, Evaluated deviation: [np.float64(0.95), np.float64(-0.24), np.float64(0.67)]
2025-01-28 13:37:06,245, Evaluated deviation: [np.float64(-1.0), np.float64(0.72), np.float64(-0.87)]
2025-01-28 13:37:07,727, Evaluated deviation: [np.float64(0.75), np.float64(0.36), np.float64(0.4)]
2025-01-28 13:37:09,223, Evaluated deviation: [np.float64(0.65), np.float64(0.12), np.float64(-0.07)]
2025-01-28 13:37:10,710, Evaluated deviation: [np.float64(0.65), np.float64(-0.84), np.float64(0.13)]
2025-01-28 13:37:12,187, Evaluated deviation: [np.float64(0.15), np.float64(-1.0), np.float64(-0.93)]
2025-01-28 13:37:13,680, Evaluated deviation: [np.float64(0.5), None, np.float64(0.2)]
2025-01-28 13:37:15,155, Evaluated deviation: [np.float64(0.65), np.float64(-1.0), np.float64(-0.47)]
2025-01-28 13:37:16,645, Evaluated deviation: [np.float64(-0.05), np.float64(-0.84), np.float64(0.93)]
2025-01-28 13:37:18,135, Evaluated deviation: [np.float64(-0.2), None, None]
2025-01-28 13:37:19,618, Evaluated deviation: [np.float64(-0.2), None, None]
2025-01-28 13:37:21,104, Evaluated deviation: [np.float64(-0.1), None, None]
2025-01-28 13:37:22,575, Evaluated deviation: [np.float64(-0.05), None, None]
2025-01-28 13:37:24,058, Evaluated deviation: [np.float64(0.55), np.float64(-0.4), np.float64(-0.33)]
2025-01-28 13:37:25,556, Evaluated deviation: [np.float64(-0.95), np.float64(0.96), np.float64(-0.33)]
2025-01-28 13:37:27,048, Evaluated deviation: [np.float64(0.4), np.float64(-0.68), np.float64(-0.8)]
2025-01-28 13:37:28,523, Evaluated deviation: [np.float64(0.3), np.float64(0.88), np.float64(-0.53)]
2025-01-28 13:37:30,000, Evaluated deviation: [np.float64(-1.0), np.float64(0.88), np.float64(-0.6)]
2025-01-28 13:37:31,509, Evaluated deviation: [np.float64(-0.6), np.float64(-0.84), np.float64(-0.27)]
2025-01-28 13:37:32,996, Evaluated deviation: [np.float64(-1.0), np.float64(0.64), np.float64(0.53)]
2025-01-28 13:37:34,480, Evaluated deviation: [np.float64(0.65), np.float64(0.96), np.float64(-0.4)]
2025-01-28 13:37:35,970, Evaluated deviation: [np.float64(0.7), np.float64(-0.76), np.float64(-0.07)]
2025-01-28 13:37:37,450, Evaluated deviation: [np.float64(-0.75), np.float64(0.32), np.float64(-0.87)]
2025-01-28 13:37:38,939, Evaluated deviation: [np.float64(-1.0), np.float64(0.28), np.float64(0.33)]
2025-01-28 13:37:40,432, Evaluated deviation: [None, None, None]
2025-01-28 13:38:23,573, Audio stream started
2025-01-28 13:38:23,573, name_list: [('A#(B♭)4', True), ('D5', False), ('F4', False)]
2025-01-28 13:38:25,216, Evaluated deviation: [np.float64(0.05), np.float64(0.04), np.float64(0.93)]
2025-01-28 13:38:26,708, Evaluated deviation: [np.float64(-0.15), np.float64(0.16), np.float64(0.13)]
2025-01-28 13:38:28,190, Evaluated deviation: [np.float64(0.05), 0, np.float64(0.07)]
2025-01-28 13:38:29,662, Evaluated deviation: [np.float64(0.05), np.float64(0.04), np.float64(-0.13)]
2025-01-28 13:38:31,173, Evaluated deviation: [np.float64(0.1), np.float64(0.08), np.float64(-0.07)]
2025-01-28 13:38:32,641, Evaluated deviation: [np.float64(0.05), np.float64(0.04), np.float64(-0.07)]
2025-01-28 13:38:34,143, Evaluated deviation: [np.float64(-0.1), np.float64(0.12), np.float64(-0.07)]
2025-01-28 13:38:35,618, Evaluated deviation: [np.float64(-0.15), np.float64(0.16), np.float64(-0.07)]
2025-01-28 13:38:37,099, Evaluated deviation: [np.float64(0.05), np.float64(0.12), np.float64(-0.07)]
2025-01-28 13:38:38,597, Evaluated deviation: [np.float64(0.2), np.float64(0.12), np.float64(-0.07)]
2025-01-28 13:38:40,077, Evaluated deviation: [np.float64(0.25), np.float64(0.08), np.float64(-0.27)]
2025-01-28 13:38:41,568, Evaluated deviation: [np.float64(0.15), np.float64(0.08), np.float64(-0.2)]
2025-01-28 13:38:43,052, Evaluated deviation: [np.float64(0.1), 0, np.float64(-0.2)]
2025-01-28 13:38:44,537, Evaluated deviation: [np.float64(-1.0), np.float64(0.52), np.float64(-0.6)]
2025-01-28 13:38:46,027, Evaluated deviation: [np.float64(0.7), np.float64(0.92), np.float64(0.27)]
2025-01-28 13:38:47,505, Evaluated deviation: [np.float64(0.15), np.float64(0.68), np.float64(-0.93)]
2025-01-28 13:40:17,713, Audio stream started
2025-01-28 13:40:17,713, name_list: [('A#(B♭)4', True), ('D5', False), ('F4', False)]
2025-01-28 13:40:19,350, Evaluated deviation: [np.float64(-0.1), None, np.float64(0.6)]
2025-01-28 13:40:20,843, Evaluated deviation: [np.float64(-0.15), np.float64(-0.64), np.float64(-0.2)]
2025-01-28 13:40:22,318, Evaluated deviation: [np.float64(-0.25), np.float64(0.2), np.float64(-0.13)]
2025-01-28 13:40:23,810, Evaluated deviation: [np.float64(0.1), np.float64(0.16), np.float64(-0.07)]
2025-01-28 13:40:25,303, Evaluated deviation: [np.float64(0.15), np.float64(0.16), np.float64(0.07)]
2025-01-28 13:40:26,784, Evaluated deviation: [np.float64(-0.1), np.float64(0.16), np.float64(0.13)]
2025-01-28 13:40:28,275, Evaluated deviation: [np.float64(-0.2), np.float64(0.16), 0]
2025-01-28 13:40:29,746, Evaluated deviation: [np.float64(-0.1), np.float64(0.12), np.float64(-0.07)]
2025-01-28 13:40:31,242, Evaluated deviation: [np.float64(-0.2), np.float64(0.52), np.float64(-0.4)]
2025-01-28 13:40:32,728, Evaluated deviation: [np.float64(0.3), np.float64(-1.0), np.float64(0.27)]
2025-01-28 13:40:34,212, Evaluated deviation: [np.float64(-0.1), np.float64(0.56), np.float64(-1.0)]
2025-01-28 13:40:35,693, Evaluated deviation: [np.float64(0.85), np.float64(0.84), np.float64(0.33)]
2025-01-28 13:40:37,180, Evaluated deviation: [np.float64(0.9), np.float64(-0.6), np.float64(-0.53)]
2025-01-28 13:40:38,671, Evaluated deviation: [np.float64(-1.0), np.float64(-0.76), np.float64(-1.0)]
2025-01-28 13:40:40,172, Evaluated deviation: [np.float64(-0.8), np.float64(0.92), np.float64(-0.93)]
2025-01-28 13:40:41,642, Evaluated deviation: [np.float64(-0.4), np.float64(-0.76), np.float64(-1.0)]
2025-01-28 13:40:43,134, Evaluated deviation: [np.float64(-0.25), np.float64(-0.32), np.float64(-1.0)]
2025-01-28 13:40:44,612, Evaluated deviation: [np.float64(-0.75), np.float64(-0.96), np.float64(0.33)]
2025-01-28 13:40:46,100, Evaluated deviation: [np.float64(-0.9), np.float64(-0.76), np.float64(0.6)]
2025-01-28 13:40:47,584, Evaluated deviation: [np.float64(0.95), np.float64(-0.92), np.float64(-0.07)]
2025-01-28 13:40:49,074, Evaluated deviation: [np.float64(0.95), np.float64(-0.96), np.float64(0.53)]
2025-01-28 13:40:50,553, Evaluated deviation: [np.float64(-0.65), np.float64(0.48), np.float64(-0.53)]
2025-01-28 13:40:52,033, Evaluated deviation: [0, np.float64(-0.44), np.float64(-0.73)]
2025-01-28 13:40:53,536, Evaluated deviation: [np.float64(-0.6), np.float64(0.2), np.float64(-0.4)]
2025-01-28 13:40:55,024, Evaluated deviation: [np.float64(0.65), np.float64(0.96), np.float64(0.33)]
2025-01-28 13:40:56,497, Evaluated deviation: [np.float64(-0.9), np.float64(0.32), np.float64(-0.2)]
2025-01-28 13:40:57,997, Evaluated deviation: [0, np.float64(-0.68), np.float64(0.6)]
2025-01-28 13:40:59,464, Evaluated deviation: [np.float64(0.2), np.float64(0.96), np.float64(0.8)]
2025-01-28 13:41:00,962, Evaluated deviation: [np.float64(-1.0), np.float64(0.12), np.float64(-0.67)]
2025-01-28 13:41:02,450, Evaluated deviation: [np.float64(-0.85), np.float64(-0.4), np.float64(0.67)]
2025-01-28 13:41:03,934, Evaluated deviation: [np.float64(-0.55), np.float64(0.6), np.float64(-0.13)]
2025-01-28 13:41:05,436, Evaluated deviation: [np.float64(0.35), np.float64(-0.84), np.float64(-0.6)]
2025-01-28 13:41:06,912, Evaluated deviation: [None, None, np.float64(-0.33)]
2025-01-28 13:41:08,381, Evaluated deviation: [np.float64(0.4), np.float64(0.16), np.float64(-0.67)]
2025-01-28 13:41:09,885, Evaluated deviation: [np.float64(-0.5), np.float64(-0.84), np.float64(0.07)]
2025-01-28 13:41:11,348, Evaluated deviation: [None, None, np.float64(-0.07)]
2025-01-28 13:41:12,844, Evaluated deviation: [np.float64(-0.55), np.float64(-0.84), np.float64(-0.47)]
2025-01-28 13:41:14,338, Evaluated deviation: [np.float64(0.35), np.float64(-0.44), np.float64(-0.6)]
2025-01-28 13:41:15,822, Evaluated deviation: [np.float64(-0.4), np.float64(0.4), np.float64(-1.0)]
2025-01-28 13:41:17,315, Evaluated deviation: [np.float64(0.15), np.float64(-0.08), np.float64(-0.47)]
2025-01-28 13:41:18,792, Evaluated deviation: [np.float64(0.4), np.float64(-0.12), np.float64(0.47)]
2025-01-28 13:41:20,286, Evaluated deviation: [np.float64(0.25), np.float64(-0.04), np.float64(0.2)]
2025-01-28 13:41:21,775, Evaluated deviation: [np.float64(-0.15), np.float64(0.16), np.float64(0.4)]
2025-01-28 13:41:23,253, Evaluated deviation: [np.float64(-0.8), np.float64(-0.56), np.float64(0.93)]
2025-01-28 13:41:24,748, Evaluated deviation: [np.float64(0.8), np.float64(0.92), np.float64(0.6)]
2025-01-28 13:41:26,223, Evaluated deviation: [np.float64(0.95), np.float64(-0.88), np.float64(0.13)]
2025-01-28 13:41:27,712, Evaluated deviation: [np.float64(0.9), np.float64(-0.44), np.float64(0.2)]
2025-01-28 13:41:29,191, Evaluated deviation: [np.float64(0.65), np.float64(-0.92), np.float64(-0.73)]
2025-01-28 13:41:30,685, Evaluated deviation: [np.float64(0.35), np.float64(-0.6), np.float64(0.47)]
2025-01-28 13:41:32,175, Evaluated deviation: [np.float64(0.35), np.float64(-0.28), np.float64(0.73)]
2025-01-28 13:41:33,657, Evaluated deviation: [np.float64(-0.05), np.float64(-0.08), np.float64(-0.53)]
2025-01-28 13:41:35,141, Evaluated deviation: [np.float64(0.4), np.float64(0.44), np.float64(-1.0)]
2025-01-28 13:41:36,661, Evaluated deviation: [np.float64(-0.75), np.float64(-0.64), np.float64(-0.33)]
2025-01-28 13:41:38,117, Evaluated deviation: [np.float64(-0.3), np.float64(-0.2), np.float64(-0.8)]
2025-01-28 13:41:39,602, Evaluated deviation: [np.float64(0.1), np.float64(-0.8), np.float64(0.93)]
2025-01-28 13:41:41,082, Evaluated deviation: [np.float64(-0.8), np.float64(-0.72), np.float64(-0.53)]
2025-01-28 13:41:42,575, Evaluated deviation: [np.float64(-0.55), np.float64(-0.64), np.float64(-0.2)]
2025-01-28 13:41:44,061, Evaluated deviation: [np.float64(0.05), np.float64(-0.16), np.float64(-0.33)]
2025-01-28 13:41:45,530, Evaluated deviation: [np.float64(-0.9), np.float64(0.24), np.float64(0.27)]
2025-01-28 13:41:47,038, Evaluated deviation: [np.float64(-0.25), np.float64(-0.88), np.float64(-0.8)]
2025-01-28 13:41:48,524, Evaluated deviation: [np.float64(0.1), np.float64(-0.84), np.float64(0.27)]
2025-01-28 13:41:49,994, Evaluated deviation: [np.float64(0.7), np.float64(-0.64), np.float64(-0.4)]
2025-01-28 13:41:51,491, Evaluated deviation: [np.float64(0.95), np.float64(-0.44), np.float64(0.67)]
2025-01-28 13:41:52,970, Evaluated deviation: [np.float64(0.25), np.float64(-0.36), np.float64(-0.33)]
2025-01-28 13:41:54,456, Evaluated deviation: [np.float64(0.4), np.float64(-0.88), np.float64(-0.53)]
2025-01-28 13:41:55,953, Evaluated deviation: [0, np.float64(0.44), np.float64(0.47)]
2025-01-28 13:41:57,432, Evaluated deviation: [np.float64(0.35), np.float64(-0.08), np.float64(0.67)]
2025-01-28 13:41:58,912, Evaluated deviation: [np.float64(0.45), np.float64(-0.04), np.float64(0.6)]
2025-01-28 13:42:00,394, Evaluated deviation: [np.float64(-0.75), np.float64(0.32), np.float64(-0.33)]
2025-01-28 13:42:01,891, Evaluated deviation: [np.float64(-0.65), np.float64(-0.64), np.float64(-1.0)]
2025-01-28 13:42:03,391, Evaluated deviation: [np.float64(-1.0), np.float64(-0.24), np.float64(-0.4)]
2025-01-28 13:42:04,856, Evaluated deviation: [np.float64(-0.55), np.float64(0.76), np.float64(0.53)]
2025-01-28 13:42:06,345, Evaluated deviation: [np.float64(0.65), np.float64(0.88), np.float64(-0.67)]
2025-01-28 13:42:07,831, Evaluated deviation: [np.float64(-0.55), np.float64(-0.84), np.float64(-0.6)]
2025-01-28 13:42:09,325, Evaluated deviation: [np.float64(-0.8), np.float64(0.16), np.float64(0.33)]
2025-01-28 13:42:10,801, Evaluated deviation: [np.float64(0.95), np.float64(-0.04), np.float64(-0.8)]
2025-01-28 13:42:12,281, Evaluated deviation: [np.float64(0.9), np.float64(0.8), np.float64(-0.33)]
2025-01-28 13:42:13,789, Evaluated deviation: [np.float64(-0.8), np.float64(0.72), np.float64(0.27)]
2025-01-28 13:42:15,271, Evaluated deviation: [np.float64(-0.45), np.float64(-0.44), np.float64(0.13)]
2025-01-28 13:42:16,756, Evaluated deviation: [np.float64(0.2), np.float64(-0.64), np.float64(0.87)]
2025-01-28 13:42:18,244, Evaluated deviation: [np.float64(0.25), np.float64(-0.88), np.float64(-0.87)]
2025-01-28 13:42:19,721, Evaluated deviation: [np.float64(0.4), np.float64(-0.2), np.float64(0.07)]
2025-01-28 13:42:21,213, Evaluated deviation: [np.float64(0.05), np.float64(-0.36), np.float64(0.53)]
2025-01-28 13:42:22,692, Evaluated deviation: [np.float64(0.2), np.float64(0.92), 0]
2025-01-28 13:42:24,184, Evaluated deviation: [np.float64(-0.65), np.float64(-0.96), np.float64(0.2)]
2025-01-28 13:42:25,676, Evaluated deviation: [np.float64(0.85), np.float64(0.88), np.float64(0.2)]
2025-01-28 13:42:27,150, Evaluated deviation: [np.float64(-0.65), np.float64(0.6), np.float64(-0.13)]
2025-01-28 13:42:28,640, Evaluated deviation: [np.float64(0.55), np.float64(-0.44), np.float64(0.27)]
2025-01-28 13:42:30,134, Evaluated deviation: [np.float64(-0.6), np.float64(0.88), np.float64(0.33)]
2025-01-28 13:42:31,612, Evaluated deviation: [0, np.float64(0.96), np.float64(0.4)]
2025-01-28 13:42:33,104, Evaluated deviation: [np.float64(0.45), np.float64(0.56), np.float64(0.2)]
2025-01-28 13:42:34,572, Evaluated deviation: [np.float64(0.85), np.float64(-0.16), np.float64(-0.2)]
2025-01-28 13:42:36,070, Evaluated deviation: [np.float64(-0.55), np.float64(-0.28), np.float64(0.93)]
2025-01-28 13:42:37,559, Evaluated deviation: [np.float64(-0.75), np.float64(0.52), np.float64(-0.33)]
2025-01-28 13:42:39,042, Evaluated deviation: [np.float64(-0.9), np.float64(0.96), np.float64(-0.73)]
2025-01-28 13:42:40,542, Evaluated deviation: [np.float64(-0.95), np.float64(-0.16), np.float64(0.47)]
2025-01-28 13:42:42,013, Evaluated deviation: [np.float64(-0.75), np.float64(-0.68), np.float64(-0.87)]
2025-01-28 13:42:43,503, Evaluated deviation: [np.float64(0.5), np.float64(-0.76), np.float64(0.4)]
2025-01-28 13:42:45,000, Evaluated deviation: [np.float64(0.05), np.float64(-1.0), np.float64(-1.0)]
2025-01-28 13:42:46,469, Evaluated deviation: [np.float64(0.95), np.float64(-0.72), np.float64(-0.67)]
2025-01-28 13:42:47,961, Evaluated deviation: [np.float64(-1.0), np.float64(-0.76), np.float64(0.67)]
2025-01-28 13:42:49,437, Evaluated deviation: [np.float64(0.8), np.float64(0.28), np.float64(0.93)]
2025-01-28 13:42:50,932, Evaluated deviation: [np.float64(0.7), np.float64(-1.0), np.float64(0.2)]
2025-01-28 13:42:52,428, Evaluated deviation: [0, np.float64(-0.52), np.float64(-0.67)]
2025-01-28 13:42:52,438, Error analyzing pitch: invalid command name ".!toplevel2.!canvas"
2025-01-28 13:45:10,623, Audio stream started
2025-01-28 13:45:10,623, name_list: [('G4', True), ('A#(B♭)4', False), ('D5', False)]
2025-01-28 13:45:12,265, Evaluated deviation: [np.float64(0.29), np.float64(0.45), np.float64(-0.36)]
2025-01-28 13:45:13,762, Evaluated deviation: [np.float64(-0.24), np.float64(-0.25), np.float64(-0.56)]
2025-01-28 13:45:15,243, Evaluated deviation: [np.float64(-0.24), np.float64(-0.6), np.float64(-0.6)]
2025-01-28 13:45:16,719, Evaluated deviation: [np.float64(-0.71), np.float64(-0.2), np.float64(-0.48)]
2025-01-28 13:45:18,229, Evaluated deviation: [None, np.float64(0.35), None]
2025-01-28 13:45:19,701, Evaluated deviation: [np.float64(0.29), np.float64(-0.35), np.float64(0.24)]
2025-01-28 13:45:21,197, Evaluated deviation: [np.float64(-0.29), np.float64(-0.2), np.float64(-0.6)]
2025-01-28 13:45:22,674, Evaluated deviation: [np.float64(0.47), np.float64(0.15), None]
2025-01-28 13:45:24,149, Evaluated deviation: [np.float64(-0.29), np.float64(0.1), np.float64(-0.32)]
2025-01-28 13:45:25,653, Evaluated deviation: [np.float64(-0.41), np.float64(-0.4), np.float64(-0.28)]
2025-01-28 13:45:27,129, Evaluated deviation: [np.float64(-0.29), np.float64(-0.35), np.float64(-0.12)]
2025-01-28 13:45:28,603, Evaluated deviation: [np.float64(-0.41), np.float64(-0.3), np.float64(-0.08)]
2025-01-28 13:45:30,094, Evaluated deviation: [np.float64(-0.41), np.float64(-0.35), 0]
2025-01-28 13:45:31,581, Evaluated deviation: [np.float64(-0.41), np.float64(-0.25), np.float64(-0.08)]
2025-01-28 13:45:33,073, Evaluated deviation: [None, np.float64(-0.25), np.float64(-0.12)]
2025-01-28 13:45:34,549, Evaluated deviation: [np.float64(-0.18), np.float64(-0.3), 0]
2025-01-28 13:45:36,053, Evaluated deviation: [np.float64(-0.35), np.float64(-0.35), 0]
2025-01-28 13:45:37,534, Evaluated deviation: [np.float64(-0.59), np.float64(-0.4), np.float64(-0.08)]
2025-01-28 13:45:39,020, Evaluated deviation: [np.float64(-0.53), np.float64(-0.35), np.float64(-0.24)]
2025-01-28 13:45:40,514, Evaluated deviation: [np.float64(-0.41), np.float64(-0.45), np.float64(-0.28)]
2025-01-28 13:45:41,990, Evaluated deviation: [np.float64(-0.94), np.float64(-0.3), np.float64(-0.88)]
2025-01-28 13:45:43,482, Evaluated deviation: [np.float64(-0.59), np.float64(0.25), np.float64(0.8)]
2025-01-28 13:45:44,960, Evaluated deviation: [np.float64(-0.94), np.float64(-0.7), np.float64(0.6)]
2025-01-28 13:45:46,456, Evaluated deviation: [np.float64(0.24), np.float64(-1.0), np.float64(0.76)]
2025-01-28 13:45:47,939, Evaluated deviation: [np.float64(0.41), np.float64(-0.2), np.float64(1.0)]
2025-01-28 13:45:49,411, Evaluated deviation: [np.float64(-1.0), 0, np.float64(-0.36)]
2025-01-28 13:45:50,913, Evaluated deviation: [np.float64(0.29), np.float64(0.35), np.float64(0.96)]
2025-01-28 13:45:52,402, Evaluated deviation: [np.float64(0.12), np.float64(-0.8), None]
2025-01-28 13:45:53,874, Evaluated deviation: [np.float64(0.59), 0, np.float64(-0.52)]
2025-01-28 13:45:55,368, Evaluated deviation: [np.float64(0.41), np.float64(-1.0), np.float64(0.84)]
2025-01-28 13:45:56,849, Evaluated deviation: [np.float64(-0.82), np.float64(0.3), np.float64(-0.48)]
2025-01-28 13:45:58,330, Evaluated deviation: [None, np.float64(-0.95), np.float64(-0.48)]
2025-01-28 13:45:59,827, Evaluated deviation: [None, None, None]
2025-01-28 13:46:01,314, Evaluated deviation: [None, None, None]
2025-01-28 13:46:02,799, Evaluated deviation: [np.float64(-0.71), np.float64(-0.45), np.float64(0.28)]
2025-01-28 13:46:04,283, Evaluated deviation: [None, np.float64(-0.05), np.float64(-0.16)]
2025-01-28 13:46:05,763, Evaluated deviation: [np.float64(0.18), np.float64(-0.05), 0]
2025-01-28 13:46:07,264, Evaluated deviation: [0, np.float64(-0.05), np.float64(-0.04)]
2025-01-28 13:46:08,744, Evaluated deviation: [np.float64(0.06), np.float64(-0.05), np.float64(0.04)]
2025-01-28 13:46:10,231, Evaluated deviation: [np.float64(0.06), np.float64(0.4), np.float64(0.04)]
2025-01-28 13:46:11,710, Evaluated deviation: [np.float64(0.41), np.float64(0.35), np.float64(0.56)]
2025-01-28 13:46:13,208, Evaluated deviation: [np.float64(-0.59), np.float64(0.85), np.float64(0.24)]
2025-01-28 13:46:14,695, Evaluated deviation: [None, np.float64(0.4), None]
2025-01-28 13:46:16,174, Evaluated deviation: [np.float64(-0.82), np.float64(-0.3), np.float64(-0.08)]
2025-01-28 13:46:17,657, Evaluated deviation: [np.float64(-0.82), np.float64(0.65), np.float64(-1.0)]
2025-01-28 13:46:19,129, Evaluated deviation: [np.float64(-0.88), np.float64(-0.45), np.float64(-0.76)]
2025-01-28 13:46:20,633, Evaluated deviation: [np.float64(-0.88), np.float64(-0.05), np.float64(0.28)]
2025-01-28 13:46:22,113, Evaluated deviation: [np.float64(0.35), np.float64(-0.95), np.float64(-1.0)]
2025-01-28 13:46:23,601, Evaluated deviation: [np.float64(-0.94), np.float64(-1.0), np.float64(-1.0)]
2025-01-28 13:46:25,096, Evaluated deviation: [np.float64(0.41), np.float64(0.8), np.float64(-0.8)]
2025-01-28 13:46:26,572, Evaluated deviation: [np.float64(0.59), np.float64(0.05), np.float64(-0.28)]
2025-01-28 13:46:28,054, Evaluated deviation: [np.float64(0.76), np.float64(-0.85), np.float64(0.88)]
2025-01-28 13:46:29,554, Evaluated deviation: [np.float64(-0.71), np.float64(0.95), np.float64(0.2)]
2025-01-28 13:46:31,028, Evaluated deviation: [np.float64(0.41), np.float64(-0.2), np.float64(0.76)]
2025-01-28 13:46:32,527, Evaluated deviation: [np.float64(-0.65), np.float64(-0.7), None]
2025-01-28 13:46:34,009, Evaluated deviation: [np.float64(-0.94), np.float64(-0.8), np.float64(-0.68)]
2025-01-28 13:46:35,488, Evaluated deviation: [np.float64(-0.88), np.float64(-0.95), np.float64(0.24)]
2025-01-28 13:46:36,981, Evaluated deviation: [np.float64(-0.35), np.float64(-0.5), np.float64(0.32)]
2025-01-28 13:46:38,449, Evaluated deviation: [np.float64(-0.71), None, np.float64(-1.0)]
2025-01-28 13:46:39,954, Evaluated deviation: [np.float64(0.24), 0, None]
2025-01-28 13:46:41,446, Evaluated deviation: [np.float64(0.41), np.float64(0.45), np.float64(0.52)]
2025-01-28 13:46:42,920, Evaluated deviation: [np.float64(-0.88), np.float64(-0.7), np.float64(0.8)]
2025-01-28 13:46:44,409, Evaluated deviation: [np.float64(0.88), np.float64(-1.0), np.float64(0.4)]
2025-01-28 13:48:23,996, Audio stream started
2025-01-28 13:48:23,996, name_list: [('G4', True), ('A#(B♭)4', False), ('D5', False)]
2025-01-28 13:48:25,624, Evaluated deviation: [np.float64(0.59), np.float64(-0.9), np.float64(-0.48)]
2025-01-28 13:48:27,122, Evaluated deviation: [np.float64(-0.47), np.float64(-0.85), np.float64(0.4)]
2025-01-28 13:48:28,597, Evaluated deviation: [np.float64(-0.41), np.float64(-0.65), np.float64(-0.72)]
2025-01-28 13:48:30,088, Evaluated deviation: [np.float64(-0.06), np.float64(-0.6), np.float64(-0.68)]
2025-01-28 13:48:31,583, Evaluated deviation: [np.float64(-0.18), np.float64(-0.45), np.float64(-0.84)]
2025-01-28 13:48:33,053, Evaluated deviation: [np.float64(-0.24), np.float64(-0.6), np.float64(-0.56)]
2025-01-28 13:48:34,555, Evaluated deviation: [np.float64(-0.12), np.float64(-0.45), np.float64(-0.6)]
2025-01-28 13:48:36,029, Evaluated deviation: [0, np.float64(-0.4), np.float64(-0.72)]
2025-01-28 13:48:37,528, Evaluated deviation: [np.float64(-0.12), np.float64(-0.35), np.float64(-0.56)]
2025-01-28 13:48:39,013, Evaluated deviation: [np.float64(-0.41), np.float64(-0.5), np.float64(-1.0)]
2025-01-28 13:50:49,202, Audio stream started
2025-01-28 13:50:49,202, name_list: [('G4', True), ('A#(B♭)4', False), ('D5', False)]
2025-01-28 13:50:50,864, Evaluated deviation: [np.float64(0.94), np.float64(-0.85), np.float64(-0.04)]
2025-01-28 13:50:52,356, Evaluated deviation: [np.float64(-0.47), np.float64(-0.65), np.float64(-0.72)]
2025-01-28 13:50:53,829, Evaluated deviation: [np.float64(-0.35), np.float64(-0.3), np.float64(-0.16)]
2025-01-28 13:50:55,320, Evaluated deviation: [np.float64(-0.18), np.float64(-0.25), np.float64(0.04)]
2025-01-28 13:50:56,812, Evaluated deviation: [np.float64(-0.12), np.float64(-0.15), np.float64(0.12)]
2025-01-28 13:50:58,288, Evaluated deviation: [0, np.float64(-0.2), np.float64(0.04)]
2025-01-28 13:50:59,774, Evaluated deviation: [np.float64(0.06), np.float64(-0.35), np.float64(0.04)]
2025-01-28 13:51:01,249, Evaluated deviation: [0, np.float64(-0.3), 0]
2025-01-28 13:51:02,752, Evaluated deviation: [np.float64(-0.12), np.float64(-0.4), np.float64(0.08)]
2025-01-28 13:51:04,245, Evaluated deviation: [np.float64(-0.06), np.float64(0.05), np.float64(-0.08)]
2025-01-28 13:51:05,706, Evaluated deviation: [np.float64(-0.18), 0, 0]
2025-01-28 13:51:07,214, Evaluated deviation: [np.float64(0.29), np.float64(-0.1), np.float64(-0.08)]
2025-01-28 13:51:08,698, Evaluated deviation: [np.float64(0.06), np.float64(-0.1), np.float64(-0.12)]
2025-01-28 13:51:10,183, Evaluated deviation: [np.float64(-1.0), np.float64(-0.15), np.float64(-0.88)]
2025-01-28 13:51:11,675, Evaluated deviation: [np.float64(-0.65), np.float64(-0.9), np.float64(-0.88)]
2025-01-28 13:56:42,969, Audio stream started
2025-01-28 13:56:42,969, name_list: [('F4', True), ('A4', False), ('D#(E♭)5', False)]
2025-01-28 13:56:44,661, Evaluated deviation: [None, None, None]
2025-01-28 13:56:46,150, Evaluated deviation: [0, np.float64(-0.28), np.float64(0.96)]
2025-01-28 13:56:47,640, Evaluated deviation: [0, np.float64(-0.11), np.float64(0.38)]
2025-01-28 13:56:49,109, Evaluated deviation: [np.float64(-0.27), np.float64(-0.11), np.float64(0.42)]
2025-01-28 13:56:50,615, Evaluated deviation: [np.float64(-0.33), np.float64(-0.33), np.float64(0.38)]
2025-01-28 13:56:52,082, Evaluated deviation: [np.float64(-0.13), np.float64(-0.28), np.float64(0.38)]
2025-01-28 13:56:53,581, Evaluated deviation: [None, None, np.float64(0.46)]
2025-01-28 13:56:55,050, Evaluated deviation: [None, np.float64(-0.44), np.float64(0.58)]
2025-01-28 13:56:56,552, Evaluated deviation: [np.float64(-0.4), np.float64(-0.28), np.float64(0.31)]
2025-01-28 13:56:58,042, Evaluated deviation: [np.float64(0.07), np.float64(-0.06), np.float64(0.31)]
2025-01-28 13:56:59,518, Evaluated deviation: [np.float64(-0.07), np.float64(0.17), np.float64(0.23)]
2025-01-28 13:57:01,007, Evaluated deviation: [np.float64(-0.07), 0, np.float64(0.27)]
2025-01-28 13:57:02,487, Evaluated deviation: [0, np.float64(-0.06), np.float64(0.38)]
2025-01-28 13:57:03,970, Evaluated deviation: [0, np.float64(-0.06), np.float64(0.04)]
2025-01-28 13:57:05,463, Evaluated deviation: [0, np.float64(0.06), 0]
2025-01-28 13:57:06,941, Evaluated deviation: [np.float64(-0.07), np.float64(0.06), np.float64(0.08)]
2025-01-28 13:57:08,443, Evaluated deviation: [np.float64(0.13), np.float64(0.06), np.float64(0.04)]
2025-01-28 13:57:09,912, Evaluated deviation: [np.float64(-0.93), np.float64(-0.56), np.float64(-0.42)]
2025-01-28 13:57:11,407, Evaluated deviation: [np.float64(0.47), np.float64(-0.28), np.float64(-0.46)]
2025-01-28 13:57:11,550, Audio stream started
2025-01-28 13:57:11,550, name_list: [('F4', True), ('A4', False), ('D#(E♭)5', False)]
2025-01-28 13:57:12,906, Evaluated deviation: [np.float64(0.6), np.float64(0.67), np.float64(0.23)]
2025-01-28 13:57:14,377, Evaluated deviation: [np.float64(-0.87), np.float64(-1.0), np.float64(0.54)]
2025-01-28 13:57:15,877, Evaluated deviation: [np.float64(0.53), np.float64(-0.06), np.float64(-0.92)]
2025-01-28 13:57:17,359, Evaluated deviation: [np.float64(0.93), np.float64(-0.61), np.float64(-0.38)]
2025-01-28 13:57:18,845, Evaluated deviation: [np.float64(0.8), np.float64(0.89), np.float64(0.58)]
2025-01-28 13:57:20,325, Evaluated deviation: [np.float64(0.6), np.float64(-0.28), np.float64(-0.12)]
2025-01-28 13:57:21,800, Evaluated deviation: [np.float64(-1.0), np.float64(0.17), np.float64(0.35)]
2025-01-28 13:57:23,301, Evaluated deviation: [np.float64(-0.93), np.float64(-0.39), np.float64(0.46)]
2025-01-28 13:57:24,795, Evaluated deviation: [np.float64(-0.73), np.float64(0.17), np.float64(0.46)]
2025-01-28 13:57:26,262, Evaluated deviation: [np.float64(-0.8), np.float64(0.5), np.float64(0.54)]
2025-01-28 13:57:27,761, Evaluated deviation: [np.float64(-0.93), np.float64(1.0), np.float64(-0.31)]
2025-01-28 13:57:29,244, Evaluated deviation: [np.float64(-0.93), np.float64(-0.94), np.float64(-0.15)]
2025-01-28 13:57:30,727, Evaluated deviation: [np.float64(0.93), np.float64(-0.94), np.float64(0.04)]
2025-01-28 13:57:32,219, Evaluated deviation: [np.float64(-1.0), np.float64(-1.0), np.float64(-0.15)]
2025-01-28 13:57:33,702, Evaluated deviation: [np.float64(0.33), np.float64(0.78), np.float64(0.81)]
2025-01-28 13:57:35,184, Evaluated deviation: [np.float64(-0.87), np.float64(-0.78), np.float64(0.85)]
2025-01-28 13:57:36,664, Evaluated deviation: [np.float64(-1.0), np.float64(0.5), np.float64(0.96)]
2025-01-28 13:57:38,164, Evaluated deviation: [np.float64(-0.47), np.float64(-0.5), np.float64(0.73)]
2025-01-28 13:57:39,659, Evaluated deviation: [np.float64(-0.4), np.float64(-0.44), np.float64(0.54)]
2025-01-28 13:57:41,120, Evaluated deviation: [np.float64(-0.4), np.float64(-0.94), np.float64(0.96)]
2025-01-28 13:57:42,611, Evaluated deviation: [np.float64(0.4), np.float64(-0.28), None]
2025-01-28 13:57:42,619, Error analyzing pitch: invalid command name ".!toplevel19.!canvas"
2025-01-28 13:57:44,100, Evaluated deviation: [np.float64(0.27), np.float64(0.83), np.float64(-0.12)]
2025-01-28 13:57:44,105, Error analyzing pitch: invalid command name ".!toplevel19.!canvas"
2025-01-28 13:57:45,595, Evaluated deviation: [np.float64(0.93), np.float64(-0.94), np.float64(-0.81)]
2025-01-28 13:57:45,616, Error analyzing pitch: invalid command name ".!toplevel19.!canvas"
2025-01-28 13:57:47,082, Evaluated deviation: [None, np.float64(-0.5), None]
2025-01-28 13:57:47,095, Error analyzing pitch: invalid command name ".!toplevel20.!canvas"
2025-01-28 13:57:48,561, Evaluated deviation: [np.float64(0.33), np.float64(-0.39), np.float64(0.69)]
2025-01-28 13:57:48,580, Error analyzing pitch: invalid command name ".!toplevel19.!canvas"
2025-01-28 13:57:50,054, Evaluated deviation: [np.float64(0.73), np.float64(0.11), np.float64(-0.42)]
2025-01-28 13:57:50,069, Error analyzing pitch: invalid command name ".!toplevel19.!canvas"
2025-01-28 13:57:51,532, Evaluated deviation: [None, None, None]
2025-01-28 13:57:53,022, Evaluated deviation: [None, np.float64(-0.61), np.float64(0.65)]
2025-01-28 13:57:53,039, Error analyzing pitch: invalid command name ".!toplevel20.!canvas"
2025-01-28 13:57:54,513, Evaluated deviation: [np.float64(0.33), np.float64(-0.44), np.float64(-0.5)]
2025-01-28 13:57:54,528, Error analyzing pitch: invalid command name ".!toplevel19.!canvas"
2025-01-28 13:57:55,993, Evaluated deviation: [np.float64(-0.87), np.float64(-0.28), np.float64(0.77)]
2025-01-28 13:57:56,009, Error analyzing pitch: invalid command name ".!toplevel19.!canvas"
2025-01-28 13:57:57,485, Evaluated deviation: [np.float64(-0.67), np.float64(0.06), np.float64(-0.85)]
2025-01-28 13:57:57,488, Error analyzing pitch: invalid command name ".!toplevel19.!canvas"
2025-01-28 13:57:58,948, Evaluated deviation: [None, None, None]
2025-01-28 13:58:00,454, Evaluated deviation: [np.float64(0.47), np.float64(0.72), np.float64(-0.88)]
2025-01-28 13:58:00,468, Error analyzing pitch: invalid command name ".!toplevel19.!canvas"
2025-01-28 13:58:01,945, Evaluated deviation: [np.float64(-0.13), np.float64(-0.83), np.float64(0.85)]
2025-01-28 13:59:36,646, Audio stream started
2025-01-28 13:59:36,647, name_list: [('F4', True), ('A4', False), ('D#(E♭)5', False)]
2025-01-28 13:59:38,462, Evaluated deviation: [np.float64(-1.0), np.float64(0.28), np.float64(0.92)]
2025-01-28 13:59:39,755, Evaluated deviation: [np.float64(0.07), np.float64(-0.33), np.float64(0.15)]
2025-01-28 13:59:41,219, Evaluated deviation: [np.float64(0.07), np.float64(0.06), np.float64(0.35)]
2025-01-28 13:59:42,727, Evaluated deviation: [np.float64(-0.13), np.float64(0.11), np.float64(0.08)]
2025-01-28 13:59:44,211, Evaluated deviation: [np.float64(-0.07), np.float64(0.11), np.float64(-0.04)]
2025-01-28 13:59:45,687, Evaluated deviation: [0, 0, np.float64(0.08)]
2025-01-28 13:59:47,180, Evaluated deviation: [np.float64(-0.07), 0, np.float64(0.04)]
2025-01-28 13:59:48,661, Evaluated deviation: [np.float64(-0.13), np.float64(1.0), np.float64(-0.42)]
2025-01-28 13:59:50,153, Evaluated deviation: [np.float64(0.53), np.float64(0.39), np.float64(-0.92)]
2025-01-28 13:59:51,638, Evaluated deviation: [np.float64(-0.93), np.float64(0.61), np.float64(0.65)]
2025-01-28 13:59:53,123, Evaluated deviation: [np.float64(-0.67), np.float64(-0.28), np.float64(0.69)]
2025-01-28 13:59:54,609, Evaluated deviation: [np.float64(0.53), np.float64(1.0), np.float64(-0.96)]
2025-01-28 14:09:38,970, Audio stream started
2025-01-28 14:09:38,971, name_list: [('A#(B♭)3', True), ('D4', False), ('F4', False)]
2025-01-28 14:09:40,704, Evaluated deviation: [np.float64(0.9), np.float64(-0.58), np.float64(-0.73)]
2025-01-28 14:09:42,186, Evaluated deviation: [np.float64(0.7), np.float64(-0.42), np.float64(0.4)]
2025-01-28 14:09:43,657, Evaluated deviation: [None, None, None]
2025-01-28 14:09:45,156, Evaluated deviation: [np.float64(0.9), np.float64(0.58), np.float64(-0.33)]
2025-01-28 14:09:46,650, Evaluated deviation: [np.float64(-0.2), 0, np.float64(-0.27)]
2025-01-28 14:09:48,133, Evaluated deviation: [0, 0, np.float64(-0.07)]
2025-01-28 14:09:49,619, Evaluated deviation: [0, np.float64(0.08), np.float64(0.07)]
2025-01-28 14:09:51,099, Evaluated deviation: [np.float64(0.4), 0, np.float64(-0.07)]
2025-01-28 14:09:52,593, Evaluated deviation: [np.float64(-0.1), 0, 0]
2025-01-28 14:09:54,079, Evaluated deviation: [np.float64(-0.2), np.float64(-0.17), np.float64(-0.13)]
2025-01-28 14:09:55,563, Evaluated deviation: [np.float64(-0.1), np.float64(-0.17), np.float64(-0.2)]
2025-01-28 14:09:57,047, Evaluated deviation: [0, np.float64(-0.75), np.float64(-1.0)]
2025-01-28 14:09:58,520, Evaluated deviation: [np.float64(-0.4), np.float64(0.75), np.float64(0.13)]
2025-01-28 14:10:00,025, Evaluated deviation: [np.float64(0.9), np.float64(0.75), np.float64(0.33)]
2025-01-28 14:10:01,511, Evaluated deviation: [np.float64(0.3), np.float64(-0.92), np.float64(0.07)]
2025-01-28 14:10:02,986, Evaluated deviation: [np.float64(0.7), np.float64(-0.25), np.float64(-0.87)]
2025-01-28 14:11:38,315, Audio stream started
2025-01-28 14:11:38,315, name_list: [('A#(B♭)3', True), ('D4', False), ('F4', False)]
2025-01-28 14:11:39,962, Evaluated deviation: [np.float64(-1.0), np.float64(-0.92), np.float64(0.07)]
2025-01-28 14:11:41,446, Evaluated deviation: [np.float64(-0.8), np.float64(-1.0), np.float64(-0.8)]
2025-01-28 14:11:42,922, Evaluated deviation: [np.float64(-0.6), np.float64(-0.08), np.float64(-0.27)]
2025-01-28 14:11:44,413, Evaluated deviation: [np.float64(0.1), np.float64(0.25), np.float64(-0.13)]
2025-01-28 14:11:45,911, Evaluated deviation: [0, np.float64(0.17), np.float64(-0.07)]
2025-01-28 14:11:47,377, Evaluated deviation: [np.float64(-0.2), np.float64(-0.08), np.float64(0.13)]
2025-01-28 14:11:48,870, Evaluated deviation: [np.float64(-0.1), np.float64(-0.17), np.float64(-0.07)]
2025-01-28 14:11:50,355, Evaluated deviation: [np.float64(0.2), np.float64(1.0), np.float64(-0.93)]
2025-01-28 14:11:51,841, Evaluated deviation: [np.float64(0.3), np.float64(-0.75), np.float64(-1.0)]
2025-01-28 14:11:53,335, Evaluated deviation: [np.float64(0.2), np.float64(-0.75), np.float64(0.13)]
2025-01-28 14:11:54,818, Evaluated deviation: [np.float64(0.1), np.float64(0.92), np.float64(0.13)]
2025-01-28 14:11:56,308, Evaluated deviation: [None, np.float64(-1.0), None]
2025-01-28 14:11:57,784, Evaluated deviation: [np.float64(0.9), np.float64(-1.0), np.float64(-0.8)]
2025-01-28 14:11:59,274, Evaluated deviation: [np.float64(0.6), 0, np.float64(-0.67)]
2025-01-28 14:12:00,769, Evaluated deviation: [np.float64(-0.9), np.float64(1.0), np.float64(0.2)]
2025-01-28 14:12:02,247, Evaluated deviation: [np.float64(0.8), np.float64(-0.83), np.float64(0.73)]
2025-01-28 14:12:03,736, Evaluated deviation: [np.float64(0.9), np.float64(-0.92), np.float64(-0.27)]
2025-01-28 14:12:05,217, Evaluated deviation: [np.float64(0.3), np.float64(-0.58), np.float64(0.53)]
2025-01-28 14:12:06,706, Evaluated deviation: [np.float64(0.2), np.float64(0.25), np.float64(-0.8)]
2025-01-28 14:12:08,183, Evaluated deviation: [np.float64(-0.7), np.float64(0.33), np.float64(-0.87)]
2025-01-28 14:12:09,680, Evaluated deviation: [np.float64(-0.7), np.float64(-1.0), np.float64(-0.8)]
2025-01-28 14:12:11,167, Evaluated deviation: [np.float64(0.5), np.float64(-0.83), np.float64(0.27)]
2025-01-28 14:12:12,648, Evaluated deviation: [np.float64(-0.2), np.float64(-0.83), np.float64(-0.4)]
2025-01-28 14:12:14,140, Evaluated deviation: [np.float64(0.8), np.float64(-0.92), np.float64(-0.47)]
2025-01-28 14:12:15,632, Evaluated deviation: [np.float64(-0.8), np.float64(0.58), np.float64(-0.67)]
2025-01-28 14:12:17,112, Evaluated deviation: [np.float64(0.5), np.float64(-0.33), np.float64(-0.93)]
2025-01-28 14:12:18,594, Evaluated deviation: [np.float64(0.5), np.float64(-0.83), np.float64(0.13)]
2025-01-28 14:12:20,074, Evaluated deviation: [np.float64(-0.6), np.float64(-0.58), np.float64(-0.8)]
2025-01-28 14:12:21,555, Evaluated deviation: [np.float64(0.1), np.float64(-1.0), np.float64(0.47)]
2025-01-28 14:12:23,055, Evaluated deviation: [np.float64(-1.0), np.float64(-0.75), np.float64(-1.0)]
2025-01-28 14:12:24,540, Evaluated deviation: [np.float64(-0.4), np.float64(0.33), np.float64(0.6)]
2025-01-28 14:12:26,023, Evaluated deviation: [np.float64(-0.9), np.float64(-0.25), np.float64(-0.93)]
2025-01-28 14:12:27,510, Evaluated deviation: [np.float64(-0.9), np.float64(-0.83), np.float64(0.07)]
2025-01-28 14:12:28,987, Evaluated deviation: [np.float64(0.1), np.float64(-0.58), np.float64(-0.67)]
2025-01-28 14:12:30,482, Evaluated deviation: [np.float64(-0.6), np.float64(-0.75), None]
2025-01-28 14:12:31,970, Evaluated deviation: [np.float64(0.7), 0, np.float64(0.2)]
2025-01-28 14:12:33,457, Evaluated deviation: [np.float64(-0.9), np.float64(-0.67), np.float64(-1.0)]
2025-01-28 14:12:34,947, Evaluated deviation: [np.float64(0.3), np.float64(-0.5), 0]
2025-01-28 14:12:36,427, Evaluated deviation: [np.float64(-0.9), np.float64(-0.83), np.float64(-0.93)]
2025-01-28 14:12:37,906, Evaluated deviation: [np.float64(-1.0), np.float64(-0.17), np.float64(0.73)]
2025-01-28 14:12:39,397, Evaluated deviation: [np.float64(-0.5), np.float64(0.92), np.float64(0.73)]
2025-01-28 14:12:40,888, Evaluated deviation: [np.float64(-0.9), np.float64(-0.58), np.float64(-0.6)]
2025-01-28 14:12:42,370, Evaluated deviation: [np.float64(-0.5), np.float64(0.92), np.float64(0.33)]
2025-01-28 14:12:43,856, Evaluated deviation: [np.float64(0.1), np.float64(-0.67), np.float64(-0.8)]
2025-01-28 14:12:45,347, Evaluated deviation: [np.float64(0.1), None, None]
2025-01-28 14:12:46,825, Evaluated deviation: [np.float64(0.1), np.float64(-0.67), np.float64(-0.73)]
2025-01-28 14:12:48,314, Evaluated deviation: [np.float64(-0.2), np.float64(-0.92), np.float64(-0.27)]
2025-01-28 14:12:49,799, Evaluated deviation: [np.float64(-0.5), np.float64(-0.67), np.float64(-0.6)]
2025-01-28 14:12:51,283, Evaluated deviation: [np.float64(0.1), np.float64(0.67), np.float64(0.33)]
2025-01-28 14:12:52,776, Evaluated deviation: [np.float64(0.9), np.float64(-0.67), np.float64(-0.4)]
2025-01-28 14:12:54,254, Evaluated deviation: [np.float64(-0.6), np.float64(-1.0), np.float64(0.73)]
2025-01-28 14:12:55,742, Evaluated deviation: [np.float64(-1.0), np.float64(-0.58), np.float64(0.27)]
2025-01-28 14:12:57,237, Evaluated deviation: [0, np.float64(-0.17), None]
2025-01-28 14:12:58,715, Evaluated deviation: [np.float64(0.5), None, np.float64(-0.87)]
2025-01-28 14:12:58,729, Error analyzing pitch: invalid command name ".!toplevel6.!canvas"
2025-01-28 14:15:21,499, Audio stream started
2025-01-28 14:15:21,503, name_list: [('G3', True), ('A#(B♭)3', False), ('D4', False)]
2025-01-28 14:15:23,123, Evaluated deviation: [np.float64(-0.12), np.float64(-0.8), None]
2025-01-28 14:15:24,613, Evaluated deviation: [0, np.float64(0.9), np.float64(-0.33)]
2025-01-28 14:15:26,093, Evaluated deviation: [np.float64(0.12), np.float64(-0.5), np.float64(-0.17)]
2025-01-28 14:15:27,572, Evaluated deviation: [np.float64(0.12), np.float64(-0.5), np.float64(-0.17)]
2025-01-28 14:15:29,070, Evaluated deviation: [np.float64(0.25), np.float64(-0.6), np.float64(-0.25)]
2025-01-28 14:15:30,551, Evaluated deviation: [np.float64(0.25), np.float64(-0.6), np.float64(-0.17)]
2025-01-28 14:15:32,040, Evaluated deviation: [np.float64(0.38), np.float64(-0.8), np.float64(-0.25)]
2025-01-28 14:15:33,522, Evaluated deviation: [0, np.float64(-1.0), np.float64(-0.17)]
2025-01-28 14:15:35,011, Evaluated deviation: [None, None, None]
2025-01-28 14:15:36,504, Evaluated deviation: [None, None, None]
2025-01-28 14:15:37,978, Evaluated deviation: [np.float64(0.38), np.float64(0.6), np.float64(-0.33)]
2025-01-28 14:15:39,474, Evaluated deviation: [np.float64(-0.12), np.float64(-0.3), np.float64(-0.33)]
2025-01-28 14:15:40,952, Evaluated deviation: [np.float64(0.12), np.float64(-0.3), np.float64(-0.42)]
2025-01-28 14:15:42,443, Evaluated deviation: [np.float64(0.12), np.float64(-0.3), np.float64(-0.25)]
2025-01-28 14:15:43,931, Evaluated deviation: [np.float64(0.25), np.float64(-0.3), np.float64(-0.33)]
2025-01-28 14:15:45,408, Evaluated deviation: [np.float64(0.12), np.float64(-0.4), np.float64(-0.33)]
2025-01-28 14:15:46,895, Evaluated deviation: [np.float64(0.12), np.float64(-0.4), np.float64(-0.25)]
2025-01-28 14:15:48,375, Evaluated deviation: [np.float64(-0.25), np.float64(0.9), np.float64(0.83)]
2025-01-28 14:15:49,877, Evaluated deviation: [np.float64(-1.0), np.float64(0.5), np.float64(1.0)]
2025-01-28 14:15:51,361, Evaluated deviation: [np.float64(0.62), np.float64(0.9), np.float64(-1.0)]
2025-01-28 14:15:52,840, Evaluated deviation: [np.float64(0.12), None, None]
2025-01-28 14:15:54,329, Evaluated deviation: [0, np.float64(0.9), np.float64(-0.42)]
2025-01-28 14:15:55,810, Evaluated deviation: [np.float64(0.25), np.float64(-0.3), np.float64(-0.25)]
2025-01-28 14:15:57,291, Evaluated deviation: [0, np.float64(-0.2), np.float64(-0.25)]
2025-01-28 14:15:58,779, Evaluated deviation: [np.float64(0.12), np.float64(-0.2), np.float64(-0.25)]
2025-01-28 14:16:00,262, Evaluated deviation: [0, np.float64(-0.2), np.float64(-0.25)]
2025-01-28 14:17:16,061, Audio stream started
2025-01-28 14:17:16,061, name_list: [('G3', True), ('A#(B♭)3', False), ('D4', False)]
2025-01-28 14:17:17,691, Evaluated deviation: [np.float64(-0.12), None, None]
2025-01-28 14:17:19,177, Evaluated deviation: [np.float64(-0.5), np.float64(-0.7), np.float64(-0.75)]
2025-01-28 14:17:20,655, Evaluated deviation: [np.float64(-0.25), np.float64(-0.1), 0]
2025-01-28 14:17:22,144, Evaluated deviation: [0, np.float64(-0.1), np.float64(-0.17)]
2025-01-28 14:17:23,631, Evaluated deviation: [np.float64(0.12), 0, np.float64(-0.25)]
2025-01-28 14:17:25,112, Evaluated deviation: [0, np.float64(-0.1), np.float64(-0.25)]
2025-01-28 14:17:26,605, Evaluated deviation: [np.float64(0.12), np.float64(-0.1), np.float64(-0.08)]
2025-01-28 14:17:28,087, Evaluated deviation: [np.float64(-1.0), np.float64(-0.1), np.float64(-0.08)]
2025-01-28 14:17:29,579, Evaluated deviation: [np.float64(1.0), np.float64(-0.5), np.float64(-0.75)]
2025-01-28 14:20:24,324, Audio stream started
2025-01-28 14:20:24,324, name_list: [('F3', True), ('A3', False), ('D#(E♭)4', False)]
2025-01-28 14:20:25,954, Evaluated deviation: [np.float64(0.57), np.float64(-0.67), np.float64(-0.23)]
2025-01-28 14:20:27,441, Evaluated deviation: [np.float64(0.86), np.float64(-0.78), np.float64(0.92)]
2025-01-28 14:20:28,935, Evaluated deviation: [np.float64(0.14), np.float64(0.11), 0]
2025-01-28 14:20:30,412, Evaluated deviation: [np.float64(0.29), np.float64(0.11), np.float64(-0.08)]
2025-01-28 14:20:31,911, Evaluated deviation: [np.float64(0.29), 0, np.float64(-0.08)]
2025-01-28 14:20:33,391, Evaluated deviation: [np.float64(0.29), 0, np.float64(-0.08)]
2025-01-28 14:20:34,880, Evaluated deviation: [np.float64(0.14), 0, 0]
2025-01-28 14:20:36,361, Evaluated deviation: [np.float64(-0.14), 0, np.float64(-0.15)]
2025-01-28 14:20:37,845, Evaluated deviation: [np.float64(1.0), np.float64(-0.11), np.float64(0.85)]
2025-01-28 14:20:39,337, Evaluated deviation: [np.float64(-0.57), np.float64(-0.56), np.float64(0.54)]
2025-01-28 14:20:40,814, Evaluated deviation: [np.float64(-0.14), np.float64(0.22), np.float64(-0.23)]
2025-01-28 14:20:42,306, Evaluated deviation: [np.float64(0.29), np.float64(0.22), np.float64(-0.08)]
2025-01-28 14:20:43,785, Evaluated deviation: [np.float64(0.29), np.float64(0.22), 0]
2025-01-28 14:20:45,279, Evaluated deviation: [np.float64(0.29), np.float64(0.22), 0]
2025-01-28 14:22:07,344, Audio stream started
2025-01-28 14:22:07,344, name_list: [('F3', True), ('A3', False), ('D#(E♭)4', False)]
2025-01-28 14:22:08,977, Evaluated deviation: [None, None, None]
2025-01-28 14:22:10,478, Evaluated deviation: [np.float64(-0.43), np.float64(-0.78), np.float64(-0.31)]
2025-01-28 14:22:11,954, Evaluated deviation: [np.float64(-0.43), np.float64(0.33), np.float64(-0.08)]
2025-01-28 14:22:13,434, Evaluated deviation: [np.float64(-0.43), np.float64(0.22), 0]
2025-01-28 14:22:14,932, Evaluated deviation: [np.float64(-0.14), np.float64(0.11), np.float64(0.15)]
2025-01-28 14:22:16,410, Evaluated deviation: [np.float64(0.14), np.float64(-0.11), np.float64(0.15)]
2025-01-28 14:22:17,902, Evaluated deviation: [0, np.float64(-0.11), np.float64(-0.15)]
2025-01-28 14:22:19,379, Evaluated deviation: [None, 0, np.float64(-0.31)]
2025-01-28 14:22:20,873, Evaluated deviation: [np.float64(0.14), np.float64(-0.78), np.float64(0.46)]
2025-01-28 14:22:22,360, Evaluated deviation: [np.float64(0.71), np.float64(-0.11), np.float64(0.85)]
2025-01-28 14:22:23,845, Evaluated deviation: [np.float64(-0.43), np.float64(0.44), np.float64(0.54)]
2025-01-28 14:22:25,336, Evaluated deviation: [0, np.float64(-0.11), np.float64(0.77)]
2025-01-28 14:22:26,820, Evaluated deviation: [np.float64(0.14), np.float64(-0.33), np.float64(0.77)]
2025-01-28 14:22:28,304, Evaluated deviation: [0, np.float64(-0.56), np.float64(0.62)]
2025-01-28 14:22:29,793, Evaluated deviation: [np.float64(0.43), np.float64(-0.56), np.float64(-0.77)]
2025-01-28 14:33:24,011, Audio stream started
2025-01-28 14:33:24,011, name_list: [('A#(B♭)4', True), ('D5', False), ('F4', False)]
2025-01-28 14:33:25,715, Evaluated deviation: [np.float64(-0.25), None, np.float64(-0.33)]
2025-01-28 14:33:27,193, Evaluated deviation: [np.float64(-0.2), np.float64(-0.04), np.float64(-0.13)]
2025-01-28 14:33:28,670, Evaluated deviation: [np.float64(-0.15), np.float64(0.12), np.float64(-0.07)]
2025-01-28 14:33:30,168, Evaluated deviation: [np.float64(-0.15), np.float64(-0.04), 0]
2025-01-28 14:33:31,663, Evaluated deviation: [np.float64(-0.2), 0, np.float64(-0.07)]
2025-01-28 14:33:33,138, Evaluated deviation: [np.float64(-0.1), 0, np.float64(-0.13)]
2025-01-28 14:33:34,631, Evaluated deviation: [np.float64(-0.85), np.float64(0.28), np.float64(-0.93)]
2025-01-28 14:33:36,103, Evaluated deviation: [np.float64(0.4), np.float64(0.44), np.float64(-1.0)]
2025-01-28 14:36:26,772, Audio stream started
2025-01-28 14:36:26,772, name_list: [('A#(B♭)4', True), ('D5', False), ('F4', False)]
2025-01-28 14:36:28,401, Evaluated deviation: [np.float64(-0.45), None, np.float64(-0.93)]
2025-01-28 14:36:29,881, Evaluated deviation: [np.float64(0.9), np.float64(-0.4), np.float64(-0.8)]
2025-01-28 14:36:31,372, Evaluated deviation: [np.float64(-0.05), np.float64(-0.08), np.float64(0.07)]
2025-01-28 14:36:32,859, Evaluated deviation: [np.float64(0.15), 0, np.float64(0.07)]
2025-01-28 14:36:34,340, Evaluated deviation: [np.float64(-0.2), np.float64(0.04), np.float64(0.07)]
2025-01-28 14:36:35,827, Evaluated deviation: [np.float64(0.1), 0, 0]
2025-01-28 14:36:37,319, Evaluated deviation: [np.float64(-0.1), np.float64(0.8), np.float64(0.07)]
2025-01-28 14:36:38,803, Evaluated deviation: [np.float64(0.3), np.float64(0.36), np.float64(0.93)]
2025-01-28 14:36:40,290, Evaluated deviation: [0, np.float64(-0.96), np.float64(-1.0)]
2025-01-28 14:36:41,781, Evaluated deviation: [np.float64(0.05), np.float64(-0.52), np.float64(-0.87)]
2025-01-28 14:36:43,268, Evaluated deviation: [np.float64(0.8), np.float64(0.64), np.float64(0.53)]
2025-01-28 14:39:02,021, Audio stream started
2025-01-28 14:39:02,021, name_list: [('G4', True), ('A#(B♭)4', False), ('D5', False)]
2025-01-28 14:39:03,657, Evaluated deviation: [np.float64(0.12), np.float64(0.65), None]
2025-01-28 14:39:05,150, Evaluated deviation: [np.float64(-0.29), np.float64(-0.85), np.float64(-0.72)]
2025-01-28 14:39:06,627, Evaluated deviation: [np.float64(-0.12), np.float64(-0.55), np.float64(-0.48)]
2025-01-28 14:39:08,117, Evaluated deviation: [np.float64(-0.18), np.float64(-0.35), np.float64(-0.48)]
2025-01-28 14:39:09,608, Evaluated deviation: [np.float64(-0.06), np.float64(-0.25), np.float64(-0.4)]
2025-01-28 14:39:11,087, Evaluated deviation: [np.float64(-0.12), np.float64(-0.3), None]
2025-01-28 14:39:12,576, Evaluated deviation: [np.float64(-0.24), np.float64(-0.3), np.float64(-0.68)]
2025-01-28 14:39:14,046, Evaluated deviation: [np.float64(-0.18), np.float64(-0.35), np.float64(-0.68)]
2025-01-28 14:39:15,547, Evaluated deviation: [None, np.float64(-0.5), np.float64(-0.64)]
2025-01-28 14:39:17,039, Evaluated deviation: [np.float64(0.65), np.float64(-0.45), None]
2025-01-28 14:39:18,516, Evaluated deviation: [np.float64(-1.0), None, np.float64(0.32)]
2025-01-28 14:39:20,003, Evaluated deviation: [np.float64(-0.35), np.float64(-0.6), np.float64(0.28)]
2025-01-28 14:39:21,476, Evaluated deviation: [np.float64(0.12), np.float64(-0.3), np.float64(-0.28)]
2025-01-28 14:39:22,967, Evaluated deviation: [np.float64(-0.18), np.float64(-0.3), np.float64(-0.08)]
2025-01-28 14:39:24,467, Evaluated deviation: [np.float64(-0.12), np.float64(-0.35), np.float64(-0.2)]
2025-01-28 14:39:25,948, Evaluated deviation: [np.float64(-0.24), np.float64(-0.3), None]
2025-01-28 14:39:27,429, Evaluated deviation: [np.float64(-0.29), np.float64(-0.3), np.float64(-0.6)]
2025-01-28 14:39:28,911, Evaluated deviation: [np.float64(-0.24), np.float64(-0.35), np.float64(-0.28)]
2025-01-28 14:39:30,397, Evaluated deviation: [np.float64(-0.24), np.float64(-0.55), np.float64(-0.32)]
2025-01-28 14:39:31,900, Evaluated deviation: [np.float64(-0.41), np.float64(-0.2), np.float64(-0.36)]
2025-01-28 14:39:33,377, Evaluated deviation: [0, np.float64(-0.35), np.float64(-0.36)]
2025-01-28 14:39:34,866, Evaluated deviation: [0, np.float64(-0.25), np.float64(-0.36)]
2025-01-28 14:39:36,346, Evaluated deviation: [np.float64(0.29), np.float64(0.4), np.float64(-0.72)]
2025-01-28 14:39:37,828, Evaluated deviation: [np.float64(-0.94), np.float64(-0.45), np.float64(0.04)]
2025-01-28 14:39:39,319, Evaluated deviation: [np.float64(-0.29), np.float64(-0.4), np.float64(-0.28)]
2025-01-28 14:39:40,797, Evaluated deviation: [np.float64(-0.29), np.float64(-0.35), np.float64(-0.24)]
2025-01-28 14:39:42,297, Evaluated deviation: [np.float64(-0.18), np.float64(-0.35), np.float64(-0.28)]
2025-01-28 14:39:43,788, Evaluated deviation: [np.float64(-0.24), np.float64(-0.2), np.float64(-0.32)]
2025-01-28 14:40:40,887, Audio stream started
2025-01-28 14:40:40,887, name_list: [('G4', True), ('A#(B♭)4', False), ('D5', False)]
2025-01-28 14:40:42,541, Evaluated deviation: [np.float64(-1.0), np.float64(-0.8), np.float64(-0.84)]
2025-01-28 14:40:44,025, Evaluated deviation: [0, np.float64(-0.5), np.float64(-0.44)]
2025-01-28 14:40:45,505, Evaluated deviation: [np.float64(0.12), np.float64(-0.3), np.float64(-0.2)]
2025-01-28 14:40:46,994, Evaluated deviation: [np.float64(0.12), np.float64(-0.15), np.float64(-0.08)]
2025-01-28 14:40:48,484, Evaluated deviation: [np.float64(0.06), np.float64(-0.1), np.float64(0.12)]
2025-01-28 14:40:49,968, Evaluated deviation: [np.float64(-0.06), np.float64(-0.1), np.float64(-0.64)]
2025-01-28 14:40:51,456, Evaluated deviation: [None, np.float64(-0.1), np.float64(-0.12)]
2025-01-28 14:40:52,935, Evaluated deviation: [np.float64(0.53), np.float64(-1.0), np.float64(-0.16)]
2025-01-28 14:40:54,417, Evaluated deviation: [np.float64(0.82), np.float64(-0.8), 0]
2025-01-28 14:40:55,908, Evaluated deviation: [0, np.float64(0.7), np.float64(-0.28)]
2025-01-28 14:40:57,395, Evaluated deviation: [np.float64(0.41), np.float64(0.25), np.float64(-1.0)]
2025-01-28 14:40:58,878, Evaluated deviation: [np.float64(-0.94), np.float64(-0.2), np.float64(0.96)]
2025-01-28 14:44:26,406, Audio stream started
2025-01-28 14:44:26,406, name_list: [('F4', True), ('A4', False), ('D#(E♭)5', False)]
2025-01-28 14:44:28,014, Evaluated deviation: [np.float64(-0.53), None, np.float64(0.04)]
2025-01-28 14:44:29,502, Evaluated deviation: [np.float64(-0.27), np.float64(0.28), np.float64(-0.54)]
2025-01-28 14:44:30,985, Evaluated deviation: [np.float64(-0.07), np.float64(0.33), np.float64(-0.35)]
2025-01-28 14:44:32,479, Evaluated deviation: [np.float64(-0.13), np.float64(0.39), None]
2025-01-28 14:44:33,976, Evaluated deviation: [np.float64(-0.27), None, np.float64(-0.23)]
2025-01-28 14:44:35,441, Evaluated deviation: [np.float64(-0.27), np.float64(0.17), np.float64(-0.19)]
2025-01-28 14:44:36,944, Evaluated deviation: [np.float64(-0.4), np.float64(0.33), np.float64(-0.15)]
2025-01-28 14:44:38,421, Evaluated deviation: [np.float64(-0.33), np.float64(0.28), np.float64(-0.23)]
2025-01-28 14:44:39,910, Evaluated deviation: [np.float64(-0.4), np.float64(0.28), np.float64(-0.27)]
2025-01-28 14:44:41,405, Evaluated deviation: [np.float64(-0.6), None, np.float64(-0.15)]
2025-01-28 14:44:42,879, Evaluated deviation: [np.float64(-0.33), None, None]
2025-01-28 14:44:44,364, Evaluated deviation: [np.float64(-0.93), np.float64(0.94), np.float64(-0.42)]
2025-01-28 14:44:45,854, Evaluated deviation: [np.float64(0.53), np.float64(-0.5), np.float64(0.08)]
2025-01-28 14:44:47,343, Evaluated deviation: [np.float64(-0.07), 0, np.float64(-0.92)]
2025-01-28 14:44:48,822, Evaluated deviation: [0, np.float64(0.28), None]
2025-01-28 14:44:50,315, Evaluated deviation: [np.float64(-0.27), np.float64(0.33), None]
2025-01-28 14:44:51,793, Evaluated deviation: [np.float64(-0.13), np.float64(0.22), np.float64(-0.42)]
2025-01-28 14:44:53,273, Evaluated deviation: [np.float64(-0.07), np.float64(0.22), np.float64(-0.27)]
2025-01-28 14:44:54,773, Evaluated deviation: [np.float64(-0.2), np.float64(0.22), np.float64(-0.23)]
2025-01-28 14:44:56,261, Evaluated deviation: [np.float64(-0.33), np.float64(0.22), np.float64(-0.08)]
2025-01-28 14:44:57,741, Evaluated deviation: [np.float64(-0.4), np.float64(0.17), np.float64(-0.08)]
2025-01-28 14:44:59,236, Evaluated deviation: [np.float64(0.13), np.float64(-0.83), np.float64(0.46)]
2025-01-28 14:45:00,704, Evaluated deviation: [np.float64(0.87), np.float64(-1.0), np.float64(-0.85)]
2025-01-28 14:46:49,758, Audio stream started
2025-01-28 14:46:49,758, name_list: [('F4', True), ('A4', False), ('D#(E♭)5', False)]
2025-01-28 14:46:51,393, Evaluated deviation: [np.float64(-0.4), np.float64(0.89), np.float64(0.65)]
2025-01-28 14:46:52,887, Evaluated deviation: [np.float64(0.13), np.float64(0.28), np.float64(-0.38)]
2025-01-28 14:46:54,375, Evaluated deviation: [np.float64(-0.2), np.float64(0.33), np.float64(-0.04)]
2025-01-28 14:46:55,865, Evaluated deviation: [np.float64(-0.13), 0, 0]
2025-01-28 14:46:57,343, Evaluated deviation: [0, 0, np.float64(-0.23)]
2025-01-28 14:46:58,820, Evaluated deviation: [np.float64(-0.07), np.float64(0.11), np.float64(-0.04)]
2025-01-28 14:47:00,311, Evaluated deviation: [np.float64(-0.13), np.float64(-0.11), np.float64(0.04)]
2025-01-28 14:47:01,788, Evaluated deviation: [0, np.float64(-0.06), np.float64(0.12)]
2025-01-28 14:47:03,285, Evaluated deviation: [np.float64(-0.6), np.float64(-1.0), np.float64(-1.0)]
2025-01-28 14:47:04,776, Evaluated deviation: [np.float64(-1.0), np.float64(-0.39), np.float64(0.73)]
2025-01-28 14:47:06,264, Evaluated deviation: [np.float64(-0.4), np.float64(0.61), np.float64(0.62)]
2025-01-28 14:47:07,747, Evaluated deviation: [np.float64(0.67), np.float64(-0.83), np.float64(0.35)]
